<?xml version="1.0" encoding="UTF-8"?>
<!-- Generated by org.testng.reporters.JUnitReportReporter -->
<testsuite skipped="0" hostname="Raymonds-iMac.attlocal.net" name="locationAPIs.AddPlace" tests="1" failures="0" timestamp="2020-05-20T00:20:25 EDT" time="7.687" errors="0">
  <testcase name="addPlace" time="7.687" classname="locationAPIs.AddPlace"/>
  <system-out/>
</testsuite> <!-- locationAPIs.AddPlace -->
