<?xml version="1.0" encoding="UTF-8"?>
<!-- Generated by org.testng.reporters.JUnitReportReporter -->
<testsuite skipped="0" hostname="Raymonds-iMac.attlocal.net" name="APIs.AddPlace" tests="3" failures="0" timestamp="2020-04-29T20:51:54 EDT" time="52.602" errors="0">
  <testcase name="addPlace" time="10.453" classname="APIs.AddPlace"/>
  <system-out/>
  <testcase name="UpdatePlace" time="17.746" classname="APIs.AddPlace"/>
  <system-out/>
  <testcase name="deletePlace" time="24.403" classname="APIs.AddPlace"/>
  <system-out/>
</testsuite> <!-- APIs.AddPlace -->
